C:\USERS\RONAN\DESKTOP\SPRITEDEMO\DEBUG\SPRITEDEMO.EXE
C:\USERS\RONAN\DESKTOP\SPRITEDEMO\DEBUG\SPRITEDEMO.ILK
C:\USERS\RONAN\DESKTOP\SPRITEDEMO\DEBUG\SPRITEDEMO.PDB
C:\Users\Ronan\Desktop\SpriteDemo\SpriteDemo\Debug\cl.command.1.tlog
C:\Users\Ronan\Desktop\SpriteDemo\SpriteDemo\Debug\CL.read.1.tlog
C:\Users\Ronan\Desktop\SpriteDemo\SpriteDemo\Debug\CL.write.1.tlog
C:\USERS\RONAN\DESKTOP\SPRITEDEMO\SPRITEDEMO\DEBUG\COLLISIONMANAGER.OBJ
C:\USERS\RONAN\DESKTOP\SPRITEDEMO\SPRITEDEMO\DEBUG\CUSTOMSPRITE.OBJ
C:\Users\Ronan\Desktop\SpriteDemo\SpriteDemo\Debug\link.3068.read.1.tlog
C:\Users\Ronan\Desktop\SpriteDemo\SpriteDemo\Debug\link.3068.write.1.tlog
C:\Users\Ronan\Desktop\SpriteDemo\SpriteDemo\Debug\link.3068-cvtres.read.1.tlog
C:\Users\Ronan\Desktop\SpriteDemo\SpriteDemo\Debug\link.3068-cvtres.write.1.tlog
C:\Users\Ronan\Desktop\SpriteDemo\SpriteDemo\Debug\link.command.1.tlog
C:\Users\Ronan\Desktop\SpriteDemo\SpriteDemo\Debug\link.read.1.tlog
C:\Users\Ronan\Desktop\SpriteDemo\SpriteDemo\Debug\link.write.1.tlog
C:\Users\Ronan\Desktop\SpriteDemo\SpriteDemo\Debug\link-cvtres.read.1.tlog
C:\Users\Ronan\Desktop\SpriteDemo\SpriteDemo\Debug\link-cvtres.write.1.tlog
C:\USERS\RONAN\DESKTOP\SPRITEDEMO\SPRITEDEMO\DEBUG\MAPMANAGER.OBJ
C:\Users\Ronan\Desktop\SpriteDemo\SpriteDemo\Debug\mt.command.1.tlog
C:\Users\Ronan\Desktop\SpriteDemo\SpriteDemo\Debug\mt.read.1.tlog
C:\Users\Ronan\Desktop\SpriteDemo\SpriteDemo\Debug\mt.write.1.tlog
C:\Users\Ronan\Desktop\SpriteDemo\SpriteDemo\Debug\rc.command.1.tlog
C:\Users\Ronan\Desktop\SpriteDemo\SpriteDemo\Debug\rc.read.1.tlog
C:\Users\Ronan\Desktop\SpriteDemo\SpriteDemo\Debug\rc.write.1.tlog
C:\USERS\RONAN\DESKTOP\SPRITEDEMO\SPRITEDEMO\DEBUG\SPRITEDEMO.EXE.EMBED.MANIFEST
C:\USERS\RONAN\DESKTOP\SPRITEDEMO\SPRITEDEMO\DEBUG\SPRITEDEMO.EXE.EMBED.MANIFEST.RES
C:\USERS\RONAN\DESKTOP\SPRITEDEMO\SPRITEDEMO\DEBUG\SPRITEDEMO.EXE.INTERMEDIATE.MANIFEST
C:\USERS\RONAN\DESKTOP\SPRITEDEMO\SPRITEDEMO\DEBUG\SPRITEDEMO.OBJ
C:\USERS\RONAN\DESKTOP\SPRITEDEMO\SPRITEDEMO\DEBUG\SPRITEDEMO.PCH
C:\Users\Ronan\Desktop\SpriteDemo\SpriteDemo\Debug\SpriteDemo_manifest.rc
C:\USERS\RONAN\DESKTOP\SPRITEDEMO\SPRITEDEMO\DEBUG\SPRITEMANAGER.OBJ
C:\USERS\RONAN\DESKTOP\SPRITEDEMO\SPRITEDEMO\DEBUG\STDAFX.OBJ
C:\Users\Ronan\Desktop\SpriteDemo\SpriteDemo\Debug\vc100.idb
C:\USERS\RONAN\DESKTOP\SPRITEDEMO\SPRITEDEMO\DEBUG\VC100.PDB
